<?xml version="1.0" encoding="UTF-8"?>
<!-- Generated by org.testng.reporters.JUnitXMLReporter -->
<testsuite hostname="DESKTOP-UUA41H2" ignored="0" name="Default test" tests="3" failures="0" timestamp="2020-05-30T14:03:40 EDT" time="29.075" errors="0">
  <testcase name="emptyUsernameLogin" time="0.559" classname="com.hrms.testcases.LoginTest"/>
  <testcase name="invalidPasswordLogin" time="1.611" classname="com.hrms.testcases.LoginTest"/>
  <testcase name="validAdminLogin" time="2.986" classname="com.hrms.testcases.LoginTest"/>
</testsuite> <!-- Default test -->
