<?xml version="1.0" encoding="UTF-8"?>
<!-- Generated by org.testng.reporters.JUnitXMLReporter -->
<testsuite hostname="DESKTOP-UUA41H2" ignored="0" name="Test" tests="3" failures="0" timestamp="2020-05-30T14:11:43 EDT" time="51.479" errors="0">
  <testcase name="emptyUsernameLogin" time="0.387" classname="com.hrms.testcases.LoginTest"/>
  <testcase name="invalidPasswordLogin" time="3.613" classname="com.hrms.testcases.LoginTest"/>
  <testcase name="validAdminLogin" time="5.98" classname="com.hrms.testcases.LoginTest"/>
</testsuite> <!-- Test -->
