<?xml version="1.0" encoding="UTF-8"?>
<testng-results skipped="0" failed="0" ignored="0" total="3" passed="3">
  <reporter-output>
  </reporter-output>
  <suite name="Suite" duration-ms="51479" started-at="2020-05-30T14:10:51 EDT" finished-at="2020-05-30T14:11:43 EDT">
    <groups>
    </groups>
    <test name="Test" duration-ms="51479" started-at="2020-05-30T14:10:51 EDT" finished-at="2020-05-30T14:11:43 EDT">
      <class name="com.hrms.testcases.LoginTest">
        <test-method status="PASS" signature="setUp()[pri:0, instance:com.hrms.testcases.LoginTest@167fdd33]" name="setUp" is-config="true" duration-ms="11762" started-at="2020-05-30T14:10:51 EDT" finished-at="2020-05-30T14:11:03 EDT">
          <reporter-output>
          </reporter-output>
        </test-method> <!-- setUp -->
        <test-method status="PASS" signature="emptyUsernameLogin()[pri:0, instance:com.hrms.testcases.LoginTest@167fdd33]" name="emptyUsernameLogin" duration-ms="387" started-at="2020-05-30T14:11:03 EDT" finished-at="2020-05-30T14:11:04 EDT">
          <reporter-output>
          </reporter-output>
        </test-method> <!-- emptyUsernameLogin -->
        <test-method status="PASS" signature="tearDown()[pri:0, instance:com.hrms.testcases.LoginTest@167fdd33]" name="tearDown" is-config="true" duration-ms="709" started-at="2020-05-30T14:11:04 EDT" finished-at="2020-05-30T14:11:04 EDT">
          <reporter-output>
          </reporter-output>
        </test-method> <!-- tearDown -->
        <test-method status="PASS" signature="setUp()[pri:0, instance:com.hrms.testcases.LoginTest@167fdd33]" name="setUp" is-config="true" duration-ms="14940" started-at="2020-05-30T14:11:04 EDT" finished-at="2020-05-30T14:11:19 EDT">
          <reporter-output>
          </reporter-output>
        </test-method> <!-- setUp -->
        <test-method status="PASS" signature="invalidPasswordLogin()[pri:0, instance:com.hrms.testcases.LoginTest@167fdd33]" name="invalidPasswordLogin" duration-ms="3613" started-at="2020-05-30T14:11:19 EDT" finished-at="2020-05-30T14:11:23 EDT">
          <reporter-output>
          </reporter-output>
        </test-method> <!-- invalidPasswordLogin -->
        <test-method status="PASS" signature="tearDown()[pri:0, instance:com.hrms.testcases.LoginTest@167fdd33]" name="tearDown" is-config="true" duration-ms="724" started-at="2020-05-30T14:11:23 EDT" finished-at="2020-05-30T14:11:24 EDT">
          <reporter-output>
          </reporter-output>
        </test-method> <!-- tearDown -->
        <test-method status="PASS" signature="setUp()[pri:0, instance:com.hrms.testcases.LoginTest@167fdd33]" name="setUp" is-config="true" duration-ms="12574" started-at="2020-05-30T14:11:24 EDT" finished-at="2020-05-30T14:11:36 EDT">
          <reporter-output>
          </reporter-output>
        </test-method> <!-- setUp -->
        <test-method status="PASS" signature="validAdminLogin()[pri:0, instance:com.hrms.testcases.LoginTest@167fdd33]" name="validAdminLogin" duration-ms="5980" started-at="2020-05-30T14:11:36 EDT" finished-at="2020-05-30T14:11:42 EDT">
          <reporter-output>
          </reporter-output>
        </test-method> <!-- validAdminLogin -->
        <test-method status="PASS" signature="tearDown()[pri:0, instance:com.hrms.testcases.LoginTest@167fdd33]" name="tearDown" is-config="true" duration-ms="726" started-at="2020-05-30T14:11:42 EDT" finished-at="2020-05-30T14:11:43 EDT">
          <reporter-output>
          </reporter-output>
        </test-method> <!-- tearDown -->
      </class> <!-- com.hrms.testcases.LoginTest -->
    </test> <!-- Test -->
  </suite> <!-- Suite -->
</testng-results>
